<?xml version="1.0" encoding="UTF-8"?>
<!-- Generated by org.testng.reporters.JUnitReportReporter -->
<testsuite hostname="DESKTOP-A7GO9P6" failures="0" tests="3" name="problem_user.problemUserTests" time="3.803" errors="0" timestamp="2024-12-24T18:38:44 EET" skipped="0">
  <testcase classname="problem_user.problemUserTests" name="Login" time="0.457"/>
  <system-out/>
  <testcase classname="problem_user.problemUserTests" name="AddToCart" time="1.251"/>
  <system-out/>
  <testcase classname="problem_user.problemUserTests" name="RemoveItem" time="2.095"/>
  <system-out/>
</testsuite> <!-- problem_user.problemUserTests -->
