<?xml version="1.0" encoding="UTF-8"?>
<!-- Generated by org.testng.reporters.JUnitReportReporter -->
<testsuite hostname="DESKTOP-A7GO9P6" failures="0" tests="9" name="standarduser.mainTestCases" time="3.773" errors="0" timestamp="2025-01-03T12:47:41 EET" skipped="7">
  <testcase classname="standarduser.mainTestCases" name="Login" time="0.491"/>
  <system-out/>
  <testcase classname="standarduser.mainTestCases" name="AddRandomItems" time="3.282"/>
  <system-out/>
  <testcase classname="standarduser.mainTestCases" name="RemoveItemFromCart">
    <skipped/>
  </testcase> <!-- RemoveItemFromCart -->
  <system-out/>
  <testcase classname="standarduser.mainTestCases" name="AddCertainNumberOfItems">
    <skipped/>
  </testcase> <!-- AddCertainNumberOfItems -->
  <system-out/>
  <testcase classname="standarduser.mainTestCases" name="SkipOnCertainItem">
    <skipped/>
  </testcase> <!-- SkipOnCertainItem -->
  <system-out/>
  <testcase classname="standarduser.mainTestCases" name="Logout">
    <skipped/>
  </testcase> <!-- Logout -->
  <system-out/>
  <testcase classname="standarduser.mainTestCases" name="CheckOutProcess">
    <skipped/>
  </testcase> <!-- CheckOutProcess -->
  <system-out/>
  <testcase classname="standarduser.mainTestCases" name="AddItemsThatStartWithSauce">
    <skipped/>
  </testcase> <!-- AddItemsThatStartWithSauce -->
  <system-out/>
  <testcase classname="standarduser.mainTestCases" name="AddItemToCart">
    <skipped/>
  </testcase> <!-- AddItemToCart -->
  <system-out/>
</testsuite> <!-- standarduser.mainTestCases -->
